<?xml version="1.0" encoding="UTF-8"?>
<!-- Generated by org.testng.reporters.JUnitReportReporter -->
<testsuite hostname="BDC3-DX-4BH8N62" name="test.NewTest4" tests="1" failures="0" timestamp="8 Apr 2019 10:15:52 GMT" time="42.451" errors="0">
  <testcase name="testKeys" time="42.451" classname="test.NewTest4"/>
</testsuite> <!-- test.NewTest4 -->
