<?xml version="1.0" encoding="UTF-8"?>
<!-- Generated by org.testng.reporters.JUnitReportReporter -->
<testsuite hostname="BDC3-DX-4BH8N62" name="test.NewTest1" tests="1" failures="0" timestamp="8 Apr 2019 06:56:41 GMT" time="0.022" errors="0">
  <testcase name="f" time="0.022" classname="test.NewTest1"/>
</testsuite> <!-- test.NewTest1 -->
