<?xml version="1.0" encoding="UTF-8"?>
<!-- Generated by org.testng.reporters.JUnitReportReporter -->
<testsuite hostname="BDC3-DX-4BH8N62" name="test.NewTest7" tests="1" failures="0" timestamp="9 Apr 2019 07:53:01 GMT" time="0.124" errors="0">
  <testcase name="testJSON" time="0.124" classname="test.NewTest7"/>
</testsuite> <!-- test.NewTest7 -->
