<?xml version="1.0" encoding="UTF-8"?>
<!-- Generated by org.testng.reporters.JUnitReportReporter -->
<testsuite hostname="BDC3-DX-4BH8N62" name="test.NewTest8" tests="3" failures="0" timestamp="9 Apr 2019 10:18:26 GMT" time="0.853" errors="0">
  <testcase name="testSkipp" time="0.624" classname="test.NewTest8"/>
  <testcase name="testPass" time="0.113" classname="test.NewTest8"/>
  <testcase name="testFail" time="0.116" classname="test.NewTest8"/>
</testsuite> <!-- test.NewTest8 -->
